c:\users\k\documents\visual studio 2012\projects\cv4\cv4\debug\cv4.obj
c:\users\k\documents\visual studio 2012\projects\cv4\cv4\debug\vc110.pdb
f:\opencvprojects\cv4\cv4\debug\cv4.obj
f:\opencvprojects\cv4\cv4\debug\vc110.pdb
c:\users\k\documents\visual studio 2012\projects\cv4\debug\cv4.ilk
c:\users\k\documents\visual studio 2012\projects\cv4\debug\cv4.exe
c:\users\k\documents\visual studio 2012\projects\cv4\debug\cv4.pdb
f:\opencvprojects\cv4\debug\cv4.ilk
f:\opencvprojects\cv4\debug\cv4.exe
f:\opencvprojects\cv4\debug\cv4.pdb
f:\opencvprojects\cv4\cv4\debug\vc140.pdb
f:\opencvprojects\cv4\cv4\debug\vc140.idb
f:\opencvprojects\cv4\cv4\debug\cl.command.1.tlog
f:\opencvprojects\cv4\cv4\debug\cl.read.1.tlog
f:\opencvprojects\cv4\cv4\debug\cl.write.1.tlog
f:\opencvprojects\cv4\cv4\debug\link-cvtres.read.1.tlog
f:\opencvprojects\cv4\cv4\debug\link-cvtres.write.1.tlog
f:\opencvprojects\cv4\cv4\debug\link-rc.read.1.tlog
f:\opencvprojects\cv4\cv4\debug\link-rc.write.1.tlog
f:\opencvprojects\cv4\cv4\debug\link.1524-cvtres.read.1.tlog
f:\opencvprojects\cv4\cv4\debug\link.1524-cvtres.write.1.tlog
f:\opencvprojects\cv4\cv4\debug\link.1524-rc.read.1.tlog
f:\opencvprojects\cv4\cv4\debug\link.1524-rc.write.1.tlog
f:\opencvprojects\cv4\cv4\debug\link.1524.read.1.tlog
f:\opencvprojects\cv4\cv4\debug\link.1524.write.1.tlog
f:\opencvprojects\cv4\cv4\debug\link.7008-cvtres.read.1.tlog
f:\opencvprojects\cv4\cv4\debug\link.7008-cvtres.write.1.tlog
f:\opencvprojects\cv4\cv4\debug\link.7008-rc.read.1.tlog
f:\opencvprojects\cv4\cv4\debug\link.7008-rc.write.1.tlog
f:\opencvprojects\cv4\cv4\debug\link.7008.read.1.tlog
f:\opencvprojects\cv4\cv4\debug\link.7008.write.1.tlog
f:\opencvprojects\cv4\cv4\debug\link.7112-cvtres.read.1.tlog
f:\opencvprojects\cv4\cv4\debug\link.7112-cvtres.write.1.tlog
f:\opencvprojects\cv4\cv4\debug\link.7112-rc.read.1.tlog
f:\opencvprojects\cv4\cv4\debug\link.7112-rc.write.1.tlog
f:\opencvprojects\cv4\cv4\debug\link.7112.read.1.tlog
f:\opencvprojects\cv4\cv4\debug\link.7112.write.1.tlog
f:\opencvprojects\cv4\cv4\debug\link.7400-cvtres.read.1.tlog
f:\opencvprojects\cv4\cv4\debug\link.7400-cvtres.write.1.tlog
f:\opencvprojects\cv4\cv4\debug\link.7400-rc.read.1.tlog
f:\opencvprojects\cv4\cv4\debug\link.7400-rc.write.1.tlog
f:\opencvprojects\cv4\cv4\debug\link.7400.read.1.tlog
f:\opencvprojects\cv4\cv4\debug\link.7400.write.1.tlog
f:\opencvprojects\cv4\cv4\debug\link.8996-cvtres.read.1.tlog
f:\opencvprojects\cv4\cv4\debug\link.8996-cvtres.write.1.tlog
f:\opencvprojects\cv4\cv4\debug\link.8996-rc.read.1.tlog
f:\opencvprojects\cv4\cv4\debug\link.8996-rc.write.1.tlog
f:\opencvprojects\cv4\cv4\debug\link.8996.read.1.tlog
f:\opencvprojects\cv4\cv4\debug\link.8996.write.1.tlog
f:\opencvprojects\cv4\cv4\debug\link.command.1.tlog
f:\opencvprojects\cv4\cv4\debug\link.read.1.tlog
f:\opencvprojects\cv4\cv4\debug\link.write.1.tlog
f:\opencvprojects\cv4\cv4\debug\vc110.idb
f:\opencvprojects\cv4\cv4\debug\cv4.tlog\cl.command.1.tlog
f:\opencvprojects\cv4\cv4\debug\cv4.tlog\cl.read.1.tlog
f:\opencvprojects\cv4\cv4\debug\cv4.tlog\cl.write.1.tlog
f:\opencvprojects\cv4\cv4\debug\cv4.tlog\link.command.1.tlog
f:\opencvprojects\cv4\cv4\debug\cv4.tlog\link.read.1.tlog
f:\opencvprojects\cv4\cv4\debug\cv4.tlog\link.write.1.tlog
